make all --print-data-base --no-builtin-variables --no-builtin-rules --question
# GNU Make 3.81
# Copyright (C) 2006  Free Software Foundation, Inc.
# This is free software; see the source for copying conditions.
# There is NO warranty; not even for MERCHANTABILITY or FITNESS FOR A
# PARTICULAR PURPOSE.

# This program built for i386-apple-darwin11.3.0
 

# Make data base, printed on Mon May 23 19:12:41 2022

# Variables

# automatic
<D = $(patsubst %/,%,$(dir $<))
# automatic
?F = $(notdir $?)
# makefile (from `Makefile', line 17)
 
SRC = ft_printf.c src/ft_itoa_printf.c src/ft_list.c src/ft_libft_printf.c src/ft_utils_p1.c src/ft_utils_p2.c src/ft_hex.c src/ft_bin.c
# environment
VSCODE_LOG_NATIVE = false
# automatic
?D = $(patsubst %/,%,$(dir $?))
# automatic
@D = $(patsubst %/,%,$(dir $@))
# automatic
@F = $(notdir $@)
# makefile
CURDIR := /Users/codaid/programmation/42/printf
# makefile
SHELL = /bin/sh
# environment
VSCODE_NLS_CONFIG = {"locale":"fr","availableLanguages":{"*":"fr"},"_languagePackId":"25fe6a3290ec415596628d4afc87a88c.fr","_translationsConfigFile":"/Users/codaid/Library/Application Support/Code/clp/25fe6a3290ec415596628d4afc87a88c.fr/tcf.json","_cacheRoot":"/Users/codaid/Library/Application Support/Code/clp/25fe6a3290ec415596628d4afc87a88c.fr","_resolvedLanguagePackCoreLocation":"/Users/codaid/Library/Application Support/Code/clp/25fe6a3290ec415596628d4afc87a88c.fr/c3511e6c69bb39013c4a4b7b9566ec1ca73fc4d5","_corruptedFile":"/Users/codaid/Library/Application Support/Code/clp/25fe6a3290ec415596628d4afc87a88c.fr/corrupted.info","_languagePackSupport":true}
# environment
_ = /usr/bin/make
# makefile (from `Makefile', line 28)
CFLAGS = -Wall -Werror -Wextra
# makefile (from `Makefile', line 1)
MAKEFILE_LIST :=  Makefile
# environment
VSCODE_VERBOSE_LOGGING = true
# environment
__CFBundleIdentifier = com.microsoft.VSCode
# environment
P9K_SSH = 0
# environment
VSCODE_IPC_HOOK_EXTHOST = /var/folders/7y/t0x7tp6s1b92ds6v4gqzcf6w0000gn/T/vscode-ipc-0de2cdef-75b4-4369-be3d-59bb4615cd04.sock
# environment
VSCODE_CWD = /
# environment
PATH = /Library/Frameworks/Python.framework/Versions/3.7/bin:/usr/local/bin:/usr/bin:/bin:/usr/sbin:/sbin
# environment
LSCOLORS = Gxfxcxdxbxegedabagacad
# environment
VSCODE_LOG_STACK = false
# environment
ELECTRON_RUN_AS_NODE = 1
# default
.FEATURES := target-specific order-only second-expansion else-if archives jobserver check-symlink
# environment
SSH_AUTH_SOCK = /private/tmp/com.apple.launchd.Nbdywes8if/Listeners
# automatic
%F = $(notdir $%)
# environment
VSCODE_PIPE_LOGGING = true
# makefile (from `Makefile', line 26)
OBJS = $(SRC:.c=.o)
# environment
PWD = /Users/codaid/programmation/42/printf
# environment
ORIGINAL_XDG_CURRENT_DESKTOP = undefined
# environment
VSCODE_AMD_ENTRYPOINT = vs/workbench/api/node/extensionHostProcess
# environment
HOME = /Users/codaid
# default
MAKEFILEPATH = $(shell /usr/bin/xcode-select -print-path 2>/dev/null || echo /Developer)/Makefiles
# environment
VSCODE_CODE_CACHE_PATH = /Users/codaid/Library/Application Support/Code/CachedData/c3511e6c69bb39013c4a4b7b9566ec1ca73fc4d5
# environment
LOGNAME = codaid
# environment
APPLICATION_INSIGHTS_NO_DIAGNOSTIC_CHANNEL = 1
# environment
ZSH = /Users/codaid/.oh-my-zsh
# environment
VSCODE_HANDLES_UNCAUGHT_ERRORS = true
# automatic
^D = $(patsubst %/,%,$(dir $^))
# environment
XPC_FLAGS = 0x0
# default
MAKE = $(MAKE_COMMAND)
# default
MAKECMDGOALS := all
# environment
SHLVL = 1
# makefile (from `Makefile', line 13)
CC = gcc
# default
MAKE_VERSION := 3.81
# environment
USER = codaid
# makefile
.DEFAULT_GOAL := all
# makefile (from `Makefile', line 15)
NAME = ft_printf.a
# environment
LESS = -R
# automatic
%D = $(patsubst %/,%,$(dir $%))
# default
MAKE_COMMAND := /Library/Developer/CommandLineTools/usr/bin/make
# default
.VARIABLES := 
# environment
TMPDIR = /var/folders/7y/t0x7tp6s1b92ds6v4gqzcf6w0000gn/T/
# automatic
*F = $(notdir $*)
# environment
VSCODE_IPC_HOOK = /Users/codaid/Library/Application Support/Code/1.67.2-main.sock
# makefile
MAKEFLAGS = Rrqp
# environment
MFLAGS = -Rrqp
# automatic
*D = $(patsubst %/,%,$(dir $*))
# environment
XPC_SERVICE_NAME = application.com.microsoft.VSCode.15869435.15869441
# automatic
+D = $(patsubst %/,%,$(dir $+))
# automatic
+F = $(notdir $+)
# environment
__CF_USER_TEXT_ENCODING = 0x1F5:0x0:0x1
# environment
COMMAND_MODE = unix2003
# default
MAKEFILES := 
# automatic
<F = $(notdir $<)
# environment
PAGER = less
# environment
LC_ALL = C
# automatic
^F = $(notdir $^)
# default
SUFFIXES := 
# default
.INCLUDE_DIRS = /usr/local/include
# environment
MAKELEVEL := 0
# environment
LANG = C
# environment
VSCODE_PID = 645
# variable set hash-table stats:
# Load=72/1024=7%, Rehash=0, Collisions=7/103=7%

# Pattern-specific Variable Values

# No pattern-specific variable values.

# Directories

# . (device 16777230, inode 3693480): 21 files, no impossibilities.
# src (device 16777230, inode 4273127): 16 files, no impossibilities so far.

# 37 files, no impossibilities in 2 directories.

# Implicit Rules

%.o: %.c
#  commands to execute (from `Makefile', line 44):
	$(CC) $(CFLAGS) -o $@ -c $<
	

# 1 implicit rules, 0 (0.0%) terminal.

# Files

all: ft_printf.a
#  Phony target (prerequisite of .PHONY).
#  Command-line target.
#  Implicit rule search has not been done.
#  File does not exist.
#  File has been updated.
#  Successfully updated.
# variable set hash-table stats:
# Load=0/32=0%, Rehash=0, Collisions=0/0=0%

 
.PHONY: all clean fclean re dev norm
#  Implicit rule search has not been done.
#  Modification time never checked.
#  File has not been updated.

src/ft_utils_p2.o: src/ft_utils_p2.c
#  Implicit rule search has been done.
#  Implicit/static pattern stem: `src/ft_utils_p2'
#  Last modified 2022-05-23 18:58:18
#  File has been updated.
#  Successfully updated.
# variable set hash-table stats:
# Load=0/32=0%, Rehash=0, Collisions=0/0=0%
#  commands to execute (from `Makefile', line 44):
	$(CC) $(CFLAGS) -o $@ -c $<
	

# Not a target:
src/ft_itoa_printf.c:
#  Implicit rule search has been done.
#  Last modified 2022-05-23 18:27:50
#  File has been updated.
#  Successfully updated.
# variable set hash-table stats:
# Load=0/32=0%, Rehash=0, Collisions=0/0=0%

ft_printf.o: ft_printf.c
#  Implicit rule search has been done.
#  Implicit/static pattern stem: `ft_printf'
#  Last modified 2022-05-23 19:09:51
#  File has been updated.
#  Successfully updated.
# variable set hash-table stats:
# Load=0/32=0%, Rehash=0, Collisions=0/0=0%
#  commands to execute (from `Makefile', line 44):
	$(CC) $(CFLAGS) -o $@ -c $<
	

src/ft_hex.o: src/ft_hex.c
#  Implicit rule search has been done.
#  Implicit/static pattern stem: `src/ft_hex'
#  Last modified 2022-05-23 18:58:18
#  File has been updated.
#  Successfully updated.
# variable set hash-table stats:
# Load=0/32=0%, Rehash=0, Collisions=0/0=0%
#  commands to execute (from `Makefile', line 44):
	$(CC) $(CFLAGS) -o $@ -c $<
	

# Not a target:
.SUFFIXES:
#  Implicit rule search has not been done.
#  Modification time never checked.
#  File has not been updated.

ft_printf.a: ft_printf.o src/ft_itoa_printf.o src/ft_list.o src/ft_libft_printf.o src/ft_utils_p1.o src/ft_utils_p2.o src/ft_hex.o src/ft_bin.o
#  Implicit rule search has not been done.
#  Last modified 2022-05-23 19:09:51
#  File has been updated.
#  Successfully updated.
# variable set hash-table stats:
# Load=0/32=0%, Rehash=0, Collisions=0/0=0%
#  commands to execute (from `Makefile', line 47):
	ar rcs $(NAME) $(OBJS)
	

# Not a target:
src/ft_utils_p1.c:
#  Implicit rule search has been done.
#  Last modified 2021-12-18 02:16:23
#  File has been updated.
#  Successfully updated.
# variable set hash-table stats:
# Load=0/32=0%, Rehash=0, Collisions=0/0=0%

# Not a target:
Makefile:
#  Implicit rule search has been done.
#  Last modified 2022-05-23 19:12:32
#  File has been updated.
#  Successfully updated.
# variable set hash-table stats:
# Load=0/32=0%, Rehash=0, Collisions=0/0=0%

test: ft_printf.a
#  Implicit rule search has not been done.
#  Modification time never checked.
#  File has not been updated.
#  commands to execute (from `Makefile', line 33):
	@$(CC) main.c $(NAME)
	@./a.out
	

src/ft_bin.o: src/ft_bin.c
#  Implicit rule search has been done.
#  Implicit/static pattern stem: `src/ft_bin'
#  Last modified 2022-05-23 18:58:18
#  File has been updated.
#  Successfully updated.
# variable set hash-table stats:
# Load=0/32=0%, Rehash=0, Collisions=0/0=0%
#  commands to execute (from `Makefile', line 44):
	$(CC) $(CFLAGS) -o $@ -c $<
	

fclean: clean
#  Phony target (prerequisite of .PHONY).
#  Implicit rule search has not been done.
#  File does not exist.
#  File has not been updated.
#  commands to execute (from `Makefile', line 53):
	rm -f $(NAME)
	

# Not a target:
src/ft_utils_p2.c:
#  Implicit rule search has been done.
#  Last modified 2022-05-23 18:15:44
#  File has been updated.
#  Successfully updated.
# variable set hash-table stats:
# Load=0/32=0%, Rehash=0, Collisions=0/0=0%

norm:
#  Phony target (prerequisite of .PHONY).
#  Implicit rule search has not been done.
#  File does not exist.
#  File has not been updated.
#  commands to execute (from `Makefile', line 41):
	norminette *.c src/*.c
	

# Not a target:
ft_printf.c:
#  Implicit rule search has been done.
#  Last modified 2022-05-23 19:06:30
#  File has been updated.
#  Successfully updated.
# variable set hash-table stats:
# Load=0/32=0%, Rehash=0, Collisions=0/0=0%

dev: ft_printf.o src/ft_itoa_printf.o src/ft_list.o src/ft_libft_printf.o src/ft_utils_p1.o src/ft_utils_p2.o src/ft_hex.o src/ft_bin.o
#  Phony target (prerequisite of .PHONY).
#  Implicit rule search has not been done.
#  File does not exist.
#  File has not been updated.
#  commands to execute (from `Makefile', line 37):
	@$(CC) $(CFLAGS) $(OBJS)
	@./a.out
	

# Not a target:
src/ft_hex.c:
#  Implicit rule search has been done.
#  Last modified 2022-05-23 18:10:21
#  File has been updated.
#  Successfully updated.
# variable set hash-table stats:
# Load=0/32=0%, Rehash=0, Collisions=0/0=0%

# Not a target:
 
.DEFAULT:
#  Implicit rule search has not been done.
#  Modification time never checked.
#  File has not been updated.

src/ft_list.o: src/ft_list.c
#  Implicit rule search has been done.
#  Implicit/static pattern stem: `src/ft_list'
#  Last modified 2022-05-23 18:58:18
#  File has been updated.
#  Successfully updated.
# variable set hash-table stats:
# Load=0/32=0%, Rehash=0, Collisions=0/0=0%
#  commands to execute (from `Makefile', line 44):
	$(CC) $(CFLAGS) -o $@ -c $<
	

src/ft_libft_printf.o: src/ft_libft_printf.c
#  Implicit rule search has been done.
#  Implicit/static pattern stem: `src/ft_libft_printf'
#  Last modified 2022-05-23 18:58:18
#  File has been updated.
#  Successfully updated.
# variable set hash-table stats:
# Load=0/32=0%, Rehash=0, Collisions=0/0=0%
#  commands to execute (from `Makefile', line 44):
	$(CC) $(CFLAGS) -o $@ -c $<
	

re: fclean all
#  Phony target (prerequisite of .PHONY).
#  Implicit rule search has not been done.
#  File does not exist.
#  File has not been updated.

clean:
#  Phony target (prerequisite of .PHONY).
#  Implicit rule search has not been done.
#  File does not exist.
#  File has not been updated.
#  commands to execute (from `Makefile', line 50):
	rm -f $(OBJS) src/$(OBJS)
	

# Not a target:
src/ft_bin.c:
#  Implicit rule search has been done.
#  Last modified 2022-05-23 18:19:35
#  File has been updated.
#  Successfully updated.
# variable set hash-table stats:
# Load=0/32=0%, Rehash=0, Collisions=0/0=0%

src/ft_itoa_printf.o: src/ft_itoa_printf.c
#  Implicit rule search has been done.
#  Implicit/static pattern stem: `src/ft_itoa_printf'
#  Last modified 2022-05-23 18:58:18
#  File has been updated.
#  Successfully updated.
# variable set hash-table stats:
# Load=0/32=0%, Rehash=0, Collisions=0/0=0%
#  commands to execute (from `Makefile', line 44):
	$(CC) $(CFLAGS) -o $@ -c $<
	

src/ft_utils_p1.o: src/ft_utils_p1.c
#  Implicit rule search has been done.
#  Implicit/static pattern stem: `src/ft_utils_p1'
#  Last modified 2022-05-23 18:58:18
#  File has been updated.
#  Successfully updated.
# variable set hash-table stats:
# Load=0/32=0%, Rehash=0, Collisions=0/0=0%
#  commands to execute (from `Makefile', line 44):
	$(CC) $(CFLAGS) -o $@ -c $<
	

# Not a target:
src/ft_list.c:
#  Implicit rule search has been done.
#  Last modified 2021-12-17 00:31:39
#  File has been updated.
#  Successfully updated.
# variable set hash-table stats:
# Load=0/32=0%, Rehash=0, Collisions=0/0=0%

# Not a target:
src/ft_libft_printf.c:
#  Implicit rule search has been done.
#  Last modified 2021-12-19 18:52:55
#  File has been updated.
#  Successfully updated.
# variable set hash-table stats:
# Load=0/32=0%, Rehash=0, Collisions=0/0=0%

# files hash-table stats:
# Load=28/1024=3%, Rehash=0, Collisions=0/92=0%
# VPATH Search Paths

# No `vpath' search paths.

# No general (`VPATH' variable) search path.

# # of strings in strcache: 1
# # of strcache buffers: 1
# strcache size: total = 4096 / max = 4096 / min = 4096 / avg = 4096
# strcache free: total = 4087 / max = 4087 / min = 4087 / avg = 4087

# Finished Make data base on Mon May 23 19:12:41 2022

 
